[2019-04-19 15:10:18,892] TRACE [Controller id=0] Checking need to trigger auto leader balancing (kafka.controller.KafkaController)
[2019-04-19 15:10:18,896] DEBUG [Controller id=0] Preferred replicas by broker Map(0 -> Map(create_assignment-0 -> Vector(0), update_profile-0 -> Vector(0), enroll-0 -> Vector(0), prof_delete_subjec-0 -> Vector(0), prof_delete_subject-0 -> Vector(0), people-0 -> Vector(0), course_create-0 -> Vector(0), delete_student-0 -> Vector(0), course_available-0 -> Vector(0), Announcements-0 -> Vector(0), announcements_show-0 -> Vector(0), login-0 -> Vector(0), delete_subject-0 -> Vector(0), all_assignments-0 -> Vector(0), Prof_Dashboard-0 -> Vector(0), response_topic-0 -> Vector(0), show_profile-0 -> Vector(0), all_subjects_dashboard-0 -> Vector(0))) (kafka.controller.KafkaController)
[2019-04-19 15:10:18,896] DEBUG [Controller id=0] Topics not in preferred replica for broker 0 Map() (kafka.controller.KafkaController)
[2019-04-19 15:10:18,896] TRACE [Controller id=0] Leader imbalance ratio for broker 0 is 0.0 (kafka.controller.KafkaController)
[2019-04-19 15:15:18,905] TRACE [Controller id=0] Checking need to trigger auto leader balancing (kafka.controller.KafkaController)
[2019-04-19 15:15:18,908] DEBUG [Controller id=0] Preferred replicas by broker Map(0 -> Map(create_assignment-0 -> Vector(0), update_profile-0 -> Vector(0), enroll-0 -> Vector(0), prof_delete_subjec-0 -> Vector(0), prof_delete_subject-0 -> Vector(0), people-0 -> Vector(0), course_create-0 -> Vector(0), delete_student-0 -> Vector(0), course_available-0 -> Vector(0), Announcements-0 -> Vector(0), announcements_show-0 -> Vector(0), login-0 -> Vector(0), delete_subject-0 -> Vector(0), all_assignments-0 -> Vector(0), Prof_Dashboard-0 -> Vector(0), response_topic-0 -> Vector(0), show_profile-0 -> Vector(0), all_subjects_dashboard-0 -> Vector(0))) (kafka.controller.KafkaController)
[2019-04-19 15:15:18,908] DEBUG [Controller id=0] Topics not in preferred replica for broker 0 Map() (kafka.controller.KafkaController)
[2019-04-19 15:15:18,908] TRACE [Controller id=0] Leader imbalance ratio for broker 0 is 0.0 (kafka.controller.KafkaController)
[2019-04-19 15:19:50,074] DEBUG preRegister called. Server=com.sun.jmx.mbeanserver.JmxMBeanServer@66d3c617, name=log4j:logger=kafka.controller (kafka.controller)
[2019-04-19 15:21:04,685] DEBUG preRegister called. Server=com.sun.jmx.mbeanserver.JmxMBeanServer@66d3c617, name=log4j:logger=kafka.controller (kafka.controller)
[2019-04-19 15:21:14,557] INFO [ControllerEventThread controllerId=0] Starting (kafka.controller.ControllerEventManager$ControllerEventThread)
[2019-04-19 15:21:14,579] INFO [Controller id=0] 0 successfully elected as the controller (kafka.controller.KafkaController)
[2019-04-19 15:21:14,582] INFO [Controller id=0] Reading controller epoch from ZooKeeper (kafka.controller.KafkaController)
[2019-04-19 15:21:14,585] INFO [Controller id=0] Initialized controller epoch to 12 and zk version 11 (kafka.controller.KafkaController)
[2019-04-19 15:21:14,585] INFO [Controller id=0] Incrementing controller epoch in ZooKeeper (kafka.controller.KafkaController)
[2019-04-19 15:21:14,597] INFO [Controller id=0] Epoch incremented to 13 (kafka.controller.KafkaController)
[2019-04-19 15:21:14,598] INFO [Controller id=0] Registering handlers (kafka.controller.KafkaController)
[2019-04-19 15:21:14,604] INFO [Controller id=0] Deleting log dir event notifications (kafka.controller.KafkaController)
[2019-04-19 15:21:14,610] INFO [Controller id=0] Deleting isr change notifications (kafka.controller.KafkaController)
[2019-04-19 15:21:14,614] INFO [Controller id=0] Initializing controller context (kafka.controller.KafkaController)
[2019-04-19 15:21:14,686] DEBUG [Controller id=0] Register BrokerModifications handler for Set(0) (kafka.controller.KafkaController)
[2019-04-19 15:21:14,729] DEBUG [Channel manager on controller 0]: Controller 0 trying to connect to broker 0 (kafka.controller.ControllerChannelManager)
[2019-04-19 15:21:14,748] INFO [RequestSendThread controllerId=0] Starting (kafka.controller.RequestSendThread)
[2019-04-19 15:21:14,751] INFO [Controller id=0] Partitions being reassigned: Map() (kafka.controller.KafkaController)
[2019-04-19 15:21:14,754] INFO [Controller id=0] Currently active brokers in the cluster: Set(0) (kafka.controller.KafkaController)
[2019-04-19 15:21:14,755] INFO [Controller id=0] Currently shutting brokers in the cluster: Set() (kafka.controller.KafkaController)
[2019-04-19 15:21:14,755] INFO [Controller id=0] Current list of topics in the cluster: Set(delete_subject, people, prof_delete_subjec, announcements_show, Prof_Dashboard, delete_student, response_topic, all_assignments, course_create, course_available, update_profile, Announcements, enroll, prof_delete_subject, login, show_profile, all_subjects_dashboard, create_assignment) (kafka.controller.KafkaController)
[2019-04-19 15:21:14,756] INFO [Controller id=0] Fetching topic deletions in progress (kafka.controller.KafkaController)
[2019-04-19 15:21:14,762] INFO [Controller id=0] List of topics to be deleted:  (kafka.controller.KafkaController)
[2019-04-19 15:21:14,763] INFO [Controller id=0] List of topics ineligible for deletion:  (kafka.controller.KafkaController)
[2019-04-19 15:21:14,763] INFO [Controller id=0] Initializing topic deletion manager (kafka.controller.KafkaController)
[2019-04-19 15:21:14,764] INFO [Controller id=0] Sending update metadata request (kafka.controller.KafkaController)
[2019-04-19 15:21:14,817] INFO [ReplicaStateMachine controllerId=0] Initializing replica state (kafka.controller.ReplicaStateMachine)
[2019-04-19 15:21:14,820] INFO [RequestSendThread controllerId=0] Controller 0 connected to 10.250.25.64:9092 (id: 0 rack: null) for sending state change requests (kafka.controller.RequestSendThread)
[2019-04-19 15:21:14,830] INFO [ReplicaStateMachine controllerId=0] Triggering online replica state changes (kafka.controller.ReplicaStateMachine)
[2019-04-19 15:21:14,872] INFO [ReplicaStateMachine controllerId=0] Started replica state machine with initial state -> Map([Topic=course_create,Partition=0,Replica=0] -> OnlineReplica, [Topic=course_available,Partition=0,Replica=0] -> OnlineReplica, [Topic=people,Partition=0,Replica=0] -> OnlineReplica, [Topic=login,Partition=0,Replica=0] -> OnlineReplica, [Topic=delete_subject,Partition=0,Replica=0] -> OnlineReplica, [Topic=prof_delete_subjec,Partition=0,Replica=0] -> OnlineReplica, [Topic=update_profile,Partition=0,Replica=0] -> OnlineReplica, [Topic=announcements_show,Partition=0,Replica=0] -> OnlineReplica, [Topic=Prof_Dashboard,Partition=0,Replica=0] -> OnlineReplica, [Topic=Announcements,Partition=0,Replica=0] -> OnlineReplica, [Topic=response_topic,Partition=0,Replica=0] -> OnlineReplica, [Topic=prof_delete_subject,Partition=0,Replica=0] -> OnlineReplica, [Topic=show_profile,Partition=0,Replica=0] -> OnlineReplica, [Topic=all_assignments,Partition=0,Replica=0] -> OnlineReplica, [Topic=delete_student,Partition=0,Replica=0] -> OnlineReplica, [Topic=create_assignment,Partition=0,Replica=0] -> OnlineReplica, [Topic=enroll,Partition=0,Replica=0] -> OnlineReplica, [Topic=all_subjects_dashboard,Partition=0,Replica=0] -> OnlineReplica) (kafka.controller.ReplicaStateMachine)
[2019-04-19 15:21:14,873] INFO [PartitionStateMachine controllerId=0] Initializing partition state (kafka.controller.PartitionStateMachine)
[2019-04-19 15:21:14,878] INFO [PartitionStateMachine controllerId=0] Triggering online partition state changes (kafka.controller.PartitionStateMachine)
[2019-04-19 15:21:14,880] INFO [PartitionStateMachine controllerId=0] Started partition state machine with initial state -> Map(create_assignment-0 -> OnlinePartition, update_profile-0 -> OnlinePartition, enroll-0 -> OnlinePartition, prof_delete_subjec-0 -> OnlinePartition, prof_delete_subject-0 -> OnlinePartition, people-0 -> OnlinePartition, course_create-0 -> OnlinePartition, delete_student-0 -> OnlinePartition, course_available-0 -> OnlinePartition, Announcements-0 -> OnlinePartition, announcements_show-0 -> OnlinePartition, login-0 -> OnlinePartition, delete_subject-0 -> OnlinePartition, all_assignments-0 -> OnlinePartition, Prof_Dashboard-0 -> OnlinePartition, response_topic-0 -> OnlinePartition, show_profile-0 -> OnlinePartition, all_subjects_dashboard-0 -> OnlinePartition) (kafka.controller.PartitionStateMachine)
[2019-04-19 15:21:14,881] INFO [Controller id=0] Ready to serve as the new controller with epoch 13 (kafka.controller.KafkaController)
[2019-04-19 15:21:14,888] INFO [Controller id=0] Partitions undergoing preferred replica election:  (kafka.controller.KafkaController)
[2019-04-19 15:21:14,888] INFO [Controller id=0] Partitions that completed preferred replica election:  (kafka.controller.KafkaController)
[2019-04-19 15:21:14,889] INFO [Controller id=0] Skipping preferred replica election for partitions due to topic deletion:  (kafka.controller.KafkaController)
[2019-04-19 15:21:14,890] INFO [Controller id=0] Resuming preferred replica election for partitions:  (kafka.controller.KafkaController)
[2019-04-19 15:21:14,890] INFO [Controller id=0] Starting preferred replica leader election for partitions  (kafka.controller.KafkaController)
[2019-04-19 15:21:14,934] INFO [Controller id=0] Starting the controller scheduler (kafka.controller.KafkaController)
[2019-04-19 15:21:19,937] TRACE [Controller id=0] Checking need to trigger auto leader balancing (kafka.controller.KafkaController)
[2019-04-19 15:21:19,941] DEBUG [Controller id=0] Preferred replicas by broker Map(0 -> Map(create_assignment-0 -> Vector(0), update_profile-0 -> Vector(0), enroll-0 -> Vector(0), prof_delete_subjec-0 -> Vector(0), prof_delete_subject-0 -> Vector(0), people-0 -> Vector(0), course_create-0 -> Vector(0), delete_student-0 -> Vector(0), course_available-0 -> Vector(0), Announcements-0 -> Vector(0), announcements_show-0 -> Vector(0), login-0 -> Vector(0), delete_subject-0 -> Vector(0), all_assignments-0 -> Vector(0), Prof_Dashboard-0 -> Vector(0), response_topic-0 -> Vector(0), show_profile-0 -> Vector(0), all_subjects_dashboard-0 -> Vector(0))) (kafka.controller.KafkaController)
[2019-04-19 15:21:19,943] DEBUG [Controller id=0] Topics not in preferred replica for broker 0 Map() (kafka.controller.KafkaController)
[2019-04-19 15:21:19,943] TRACE [Controller id=0] Leader imbalance ratio for broker 0 is 0.0 (kafka.controller.KafkaController)
[2019-04-19 15:26:19,957] TRACE [Controller id=0] Checking need to trigger auto leader balancing (kafka.controller.KafkaController)
[2019-04-19 15:26:19,963] DEBUG [Controller id=0] Preferred replicas by broker Map(0 -> Map(create_assignment-0 -> Vector(0), update_profile-0 -> Vector(0), enroll-0 -> Vector(0), prof_delete_subjec-0 -> Vector(0), prof_delete_subject-0 -> Vector(0), people-0 -> Vector(0), course_create-0 -> Vector(0), delete_student-0 -> Vector(0), course_available-0 -> Vector(0), Announcements-0 -> Vector(0), announcements_show-0 -> Vector(0), login-0 -> Vector(0), delete_subject-0 -> Vector(0), all_assignments-0 -> Vector(0), Prof_Dashboard-0 -> Vector(0), response_topic-0 -> Vector(0), show_profile-0 -> Vector(0), all_subjects_dashboard-0 -> Vector(0))) (kafka.controller.KafkaController)
[2019-04-19 15:26:19,963] DEBUG [Controller id=0] Topics not in preferred replica for broker 0 Map() (kafka.controller.KafkaController)
[2019-04-19 15:26:19,963] TRACE [Controller id=0] Leader imbalance ratio for broker 0 is 0.0 (kafka.controller.KafkaController)
[2019-04-19 15:50:25,211] INFO [Controller id=0] Shutting down broker 0 (kafka.controller.KafkaController)
[2019-04-19 15:50:25,216] DEBUG [Controller id=0] All shutting down brokers: 0 (kafka.controller.KafkaController)
[2019-04-19 15:50:25,219] DEBUG [Controller id=0] Live brokers:  (kafka.controller.KafkaController)
[2019-04-19 15:50:25,228] TRACE [Controller id=0] All leaders = create_assignment-0 -> (Leader:0,ISR:0,LeaderEpoch:0,ControllerEpoch:1),update_profile-0 -> (Leader:0,ISR:0,LeaderEpoch:0,ControllerEpoch:1),enroll-0 -> (Leader:0,ISR:0,LeaderEpoch:0,ControllerEpoch:1),prof_delete_subjec-0 -> (Leader:0,ISR:0,LeaderEpoch:0,ControllerEpoch:1),prof_delete_subject-0 -> (Leader:0,ISR:0,LeaderEpoch:0,ControllerEpoch:1),people-0 -> (Leader:0,ISR:0,LeaderEpoch:0,ControllerEpoch:1),course_create-0 -> (Leader:0,ISR:0,LeaderEpoch:0,ControllerEpoch:1),delete_student-0 -> (Leader:0,ISR:0,LeaderEpoch:0,ControllerEpoch:1),course_available-0 -> (Leader:0,ISR:0,LeaderEpoch:0,ControllerEpoch:1),Announcements-0 -> (Leader:0,ISR:0,LeaderEpoch:0,ControllerEpoch:1),announcements_show-0 -> (Leader:0,ISR:0,LeaderEpoch:0,ControllerEpoch:1),login-0 -> (Leader:0,ISR:0,LeaderEpoch:0,ControllerEpoch:1),delete_subject-0 -> (Leader:0,ISR:0,LeaderEpoch:0,ControllerEpoch:1),all_assignments-0 -> (Leader:0,ISR:0,LeaderEpoch:0,ControllerEpoch:1),Prof_Dashboard-0 -> (Leader:0,ISR:0,LeaderEpoch:0,ControllerEpoch:1),response_topic-0 -> (Leader:0,ISR:0,LeaderEpoch:0,ControllerEpoch:1),all_subjects_dashboard-0 -> (Leader:0,ISR:0,LeaderEpoch:0,ControllerEpoch:1),show_profile-0 -> (Leader:0,ISR:0,LeaderEpoch:0,ControllerEpoch:1) (kafka.controller.KafkaController)
[2019-04-19 15:50:26,091] INFO [ControllerEventThread controllerId=0] Shutting down (kafka.controller.ControllerEventManager$ControllerEventThread)
[2019-04-19 15:50:26,091] INFO [ControllerEventThread controllerId=0] Stopped (kafka.controller.ControllerEventManager$ControllerEventThread)
[2019-04-19 15:50:26,091] INFO [ControllerEventThread controllerId=0] Shutdown completed (kafka.controller.ControllerEventManager$ControllerEventThread)
[2019-04-19 15:50:26,092] DEBUG [Controller id=0] Resigning (kafka.controller.KafkaController)
[2019-04-19 15:50:26,093] DEBUG [Controller id=0] Unregister BrokerModifications handler for Set(0) (kafka.controller.KafkaController)
[2019-04-19 15:50:26,095] INFO [PartitionStateMachine controllerId=0] Stopped partition state machine (kafka.controller.PartitionStateMachine)
[2019-04-19 15:50:26,098] INFO [ReplicaStateMachine controllerId=0] Stopped replica state machine (kafka.controller.ReplicaStateMachine)
[2019-04-19 15:50:26,098] INFO [RequestSendThread controllerId=0] Shutting down (kafka.controller.RequestSendThread)
[2019-04-19 15:50:26,099] INFO [RequestSendThread controllerId=0] Stopped (kafka.controller.RequestSendThread)
[2019-04-19 15:50:26,099] INFO [RequestSendThread controllerId=0] Shutdown completed (kafka.controller.RequestSendThread)
[2019-04-19 15:50:26,101] INFO [Controller id=0] Resigned (kafka.controller.KafkaController)
