[2019-04-19 15:19:50,066] DEBUG preRegister called. Server=com.sun.jmx.mbeanserver.JmxMBeanServer@66d3c617, name=log4j:logger=state.change.logger (state.change.logger)
[2019-04-19 15:21:04,683] DEBUG preRegister called. Server=com.sun.jmx.mbeanserver.JmxMBeanServer@66d3c617, name=log4j:logger=state.change.logger (state.change.logger)
[2019-04-19 15:21:14,774] TRACE [Controller id=0 epoch=13] Sending UpdateMetadata request PartitionState(controllerEpoch=1, leader=0, leaderEpoch=0, isr=[0], zkVersion=0, replicas=[0], offlineReplicas=[]) to brokers Set(0) for partition create_assignment-0 (state.change.logger)
[2019-04-19 15:21:14,774] TRACE [Controller id=0 epoch=13] Sending UpdateMetadata request PartitionState(controllerEpoch=1, leader=0, leaderEpoch=0, isr=[0], zkVersion=0, replicas=[0], offlineReplicas=[]) to brokers Set(0) for partition update_profile-0 (state.change.logger)
[2019-04-19 15:21:14,775] TRACE [Controller id=0 epoch=13] Sending UpdateMetadata request PartitionState(controllerEpoch=1, leader=0, leaderEpoch=0, isr=[0], zkVersion=0, replicas=[0], offlineReplicas=[]) to brokers Set(0) for partition enroll-0 (state.change.logger)
[2019-04-19 15:21:14,775] TRACE [Controller id=0 epoch=13] Sending UpdateMetadata request PartitionState(controllerEpoch=1, leader=0, leaderEpoch=0, isr=[0], zkVersion=0, replicas=[0], offlineReplicas=[]) to brokers Set(0) for partition prof_delete_subjec-0 (state.change.logger)
[2019-04-19 15:21:14,775] TRACE [Controller id=0 epoch=13] Sending UpdateMetadata request PartitionState(controllerEpoch=1, leader=0, leaderEpoch=0, isr=[0], zkVersion=0, replicas=[0], offlineReplicas=[]) to brokers Set(0) for partition prof_delete_subject-0 (state.change.logger)
[2019-04-19 15:21:14,775] TRACE [Controller id=0 epoch=13] Sending UpdateMetadata request PartitionState(controllerEpoch=1, leader=0, leaderEpoch=0, isr=[0], zkVersion=0, replicas=[0], offlineReplicas=[]) to brokers Set(0) for partition people-0 (state.change.logger)
[2019-04-19 15:21:14,775] TRACE [Controller id=0 epoch=13] Sending UpdateMetadata request PartitionState(controllerEpoch=1, leader=0, leaderEpoch=0, isr=[0], zkVersion=0, replicas=[0], offlineReplicas=[]) to brokers Set(0) for partition course_create-0 (state.change.logger)
[2019-04-19 15:21:14,775] TRACE [Controller id=0 epoch=13] Sending UpdateMetadata request PartitionState(controllerEpoch=1, leader=0, leaderEpoch=0, isr=[0], zkVersion=0, replicas=[0], offlineReplicas=[]) to brokers Set(0) for partition delete_student-0 (state.change.logger)
[2019-04-19 15:21:14,776] TRACE [Controller id=0 epoch=13] Sending UpdateMetadata request PartitionState(controllerEpoch=1, leader=0, leaderEpoch=0, isr=[0], zkVersion=0, replicas=[0], offlineReplicas=[]) to brokers Set(0) for partition course_available-0 (state.change.logger)
[2019-04-19 15:21:14,776] TRACE [Controller id=0 epoch=13] Sending UpdateMetadata request PartitionState(controllerEpoch=1, leader=0, leaderEpoch=0, isr=[0], zkVersion=0, replicas=[0], offlineReplicas=[]) to brokers Set(0) for partition Announcements-0 (state.change.logger)
[2019-04-19 15:21:14,776] TRACE [Controller id=0 epoch=13] Sending UpdateMetadata request PartitionState(controllerEpoch=1, leader=0, leaderEpoch=0, isr=[0], zkVersion=0, replicas=[0], offlineReplicas=[]) to brokers Set(0) for partition announcements_show-0 (state.change.logger)
[2019-04-19 15:21:14,776] TRACE [Controller id=0 epoch=13] Sending UpdateMetadata request PartitionState(controllerEpoch=1, leader=0, leaderEpoch=0, isr=[0], zkVersion=0, replicas=[0], offlineReplicas=[]) to brokers Set(0) for partition login-0 (state.change.logger)
[2019-04-19 15:21:14,776] TRACE [Controller id=0 epoch=13] Sending UpdateMetadata request PartitionState(controllerEpoch=1, leader=0, leaderEpoch=0, isr=[0], zkVersion=0, replicas=[0], offlineReplicas=[]) to brokers Set(0) for partition delete_subject-0 (state.change.logger)
[2019-04-19 15:21:14,776] TRACE [Controller id=0 epoch=13] Sending UpdateMetadata request PartitionState(controllerEpoch=1, leader=0, leaderEpoch=0, isr=[0], zkVersion=0, replicas=[0], offlineReplicas=[]) to brokers Set(0) for partition all_assignments-0 (state.change.logger)
[2019-04-19 15:21:14,776] TRACE [Controller id=0 epoch=13] Sending UpdateMetadata request PartitionState(controllerEpoch=1, leader=0, leaderEpoch=0, isr=[0], zkVersion=0, replicas=[0], offlineReplicas=[]) to brokers Set(0) for partition Prof_Dashboard-0 (state.change.logger)
[2019-04-19 15:21:14,776] TRACE [Controller id=0 epoch=13] Sending UpdateMetadata request PartitionState(controllerEpoch=1, leader=0, leaderEpoch=0, isr=[0], zkVersion=0, replicas=[0], offlineReplicas=[]) to brokers Set(0) for partition response_topic-0 (state.change.logger)
[2019-04-19 15:21:14,777] TRACE [Controller id=0 epoch=13] Sending UpdateMetadata request PartitionState(controllerEpoch=1, leader=0, leaderEpoch=0, isr=[0], zkVersion=0, replicas=[0], offlineReplicas=[]) to brokers Set(0) for partition show_profile-0 (state.change.logger)
[2019-04-19 15:21:14,777] TRACE [Controller id=0 epoch=13] Sending UpdateMetadata request PartitionState(controllerEpoch=1, leader=0, leaderEpoch=0, isr=[0], zkVersion=0, replicas=[0], offlineReplicas=[]) to brokers Set(0) for partition all_subjects_dashboard-0 (state.change.logger)
[2019-04-19 15:21:14,852] TRACE [Broker id=0] Cached leader info PartitionState(controllerEpoch=1, leader=0, leaderEpoch=0, isr=[0], zkVersion=0, replicas=[0], offlineReplicas=[]) for partition announcements_show-0 in response to UpdateMetadata request sent by controller 0 epoch 13 with correlation id 0 (state.change.logger)
[2019-04-19 15:21:14,853] TRACE [Broker id=0] Cached leader info PartitionState(controllerEpoch=1, leader=0, leaderEpoch=0, isr=[0], zkVersion=0, replicas=[0], offlineReplicas=[]) for partition Prof_Dashboard-0 in response to UpdateMetadata request sent by controller 0 epoch 13 with correlation id 0 (state.change.logger)
[2019-04-19 15:21:14,853] TRACE [Broker id=0] Cached leader info PartitionState(controllerEpoch=1, leader=0, leaderEpoch=0, isr=[0], zkVersion=0, replicas=[0], offlineReplicas=[]) for partition all_assignments-0 in response to UpdateMetadata request sent by controller 0 epoch 13 with correlation id 0 (state.change.logger)
[2019-04-19 15:21:14,853] TRACE [Broker id=0] Cached leader info PartitionState(controllerEpoch=1, leader=0, leaderEpoch=0, isr=[0], zkVersion=0, replicas=[0], offlineReplicas=[]) for partition prof_delete_subjec-0 in response to UpdateMetadata request sent by controller 0 epoch 13 with correlation id 0 (state.change.logger)
[2019-04-19 15:21:14,853] TRACE [Broker id=0] Cached leader info PartitionState(controllerEpoch=1, leader=0, leaderEpoch=0, isr=[0], zkVersion=0, replicas=[0], offlineReplicas=[]) for partition prof_delete_subject-0 in response to UpdateMetadata request sent by controller 0 epoch 13 with correlation id 0 (state.change.logger)
[2019-04-19 15:21:14,853] TRACE [Broker id=0] Cached leader info PartitionState(controllerEpoch=1, leader=0, leaderEpoch=0, isr=[0], zkVersion=0, replicas=[0], offlineReplicas=[]) for partition course_available-0 in response to UpdateMetadata request sent by controller 0 epoch 13 with correlation id 0 (state.change.logger)
[2019-04-19 15:21:14,854] TRACE [Broker id=0] Cached leader info PartitionState(controllerEpoch=1, leader=0, leaderEpoch=0, isr=[0], zkVersion=0, replicas=[0], offlineReplicas=[]) for partition create_assignment-0 in response to UpdateMetadata request sent by controller 0 epoch 13 with correlation id 0 (state.change.logger)
[2019-04-19 15:21:14,854] TRACE [Broker id=0] Cached leader info PartitionState(controllerEpoch=1, leader=0, leaderEpoch=0, isr=[0], zkVersion=0, replicas=[0], offlineReplicas=[]) for partition login-0 in response to UpdateMetadata request sent by controller 0 epoch 13 with correlation id 0 (state.change.logger)
[2019-04-19 15:21:14,854] TRACE [Broker id=0] Cached leader info PartitionState(controllerEpoch=1, leader=0, leaderEpoch=0, isr=[0], zkVersion=0, replicas=[0], offlineReplicas=[]) for partition people-0 in response to UpdateMetadata request sent by controller 0 epoch 13 with correlation id 0 (state.change.logger)
[2019-04-19 15:21:14,854] TRACE [Broker id=0] Cached leader info PartitionState(controllerEpoch=1, leader=0, leaderEpoch=0, isr=[0], zkVersion=0, replicas=[0], offlineReplicas=[]) for partition response_topic-0 in response to UpdateMetadata request sent by controller 0 epoch 13 with correlation id 0 (state.change.logger)
[2019-04-19 15:21:14,854] TRACE [Broker id=0] Cached leader info PartitionState(controllerEpoch=1, leader=0, leaderEpoch=0, isr=[0], zkVersion=0, replicas=[0], offlineReplicas=[]) for partition show_profile-0 in response to UpdateMetadata request sent by controller 0 epoch 13 with correlation id 0 (state.change.logger)
[2019-04-19 15:21:14,854] TRACE [Broker id=0] Cached leader info PartitionState(controllerEpoch=1, leader=0, leaderEpoch=0, isr=[0], zkVersion=0, replicas=[0], offlineReplicas=[]) for partition update_profile-0 in response to UpdateMetadata request sent by controller 0 epoch 13 with correlation id 0 (state.change.logger)
[2019-04-19 15:21:14,854] TRACE [Broker id=0] Cached leader info PartitionState(controllerEpoch=1, leader=0, leaderEpoch=0, isr=[0], zkVersion=0, replicas=[0], offlineReplicas=[]) for partition course_create-0 in response to UpdateMetadata request sent by controller 0 epoch 13 with correlation id 0 (state.change.logger)
[2019-04-19 15:21:14,854] TRACE [Broker id=0] Cached leader info PartitionState(controllerEpoch=1, leader=0, leaderEpoch=0, isr=[0], zkVersion=0, replicas=[0], offlineReplicas=[]) for partition all_subjects_dashboard-0 in response to UpdateMetadata request sent by controller 0 epoch 13 with correlation id 0 (state.change.logger)
[2019-04-19 15:21:14,854] TRACE [Broker id=0] Cached leader info PartitionState(controllerEpoch=1, leader=0, leaderEpoch=0, isr=[0], zkVersion=0, replicas=[0], offlineReplicas=[]) for partition delete_subject-0 in response to UpdateMetadata request sent by controller 0 epoch 13 with correlation id 0 (state.change.logger)
[2019-04-19 15:21:14,855] TRACE [Broker id=0] Cached leader info PartitionState(controllerEpoch=1, leader=0, leaderEpoch=0, isr=[0], zkVersion=0, replicas=[0], offlineReplicas=[]) for partition enroll-0 in response to UpdateMetadata request sent by controller 0 epoch 13 with correlation id 0 (state.change.logger)
[2019-04-19 15:21:14,855] TRACE [Broker id=0] Cached leader info PartitionState(controllerEpoch=1, leader=0, leaderEpoch=0, isr=[0], zkVersion=0, replicas=[0], offlineReplicas=[]) for partition delete_student-0 in response to UpdateMetadata request sent by controller 0 epoch 13 with correlation id 0 (state.change.logger)
[2019-04-19 15:21:14,855] TRACE [Broker id=0] Cached leader info PartitionState(controllerEpoch=1, leader=0, leaderEpoch=0, isr=[0], zkVersion=0, replicas=[0], offlineReplicas=[]) for partition Announcements-0 in response to UpdateMetadata request sent by controller 0 epoch 13 with correlation id 0 (state.change.logger)
[2019-04-19 15:21:14,857] TRACE [Controller id=0 epoch=13] Changed state of replica 0 for partition create_assignment-0 from OnlineReplica to OnlineReplica (state.change.logger)
[2019-04-19 15:21:14,857] TRACE [Controller id=0 epoch=13] Changed state of replica 0 for partition login-0 from OnlineReplica to OnlineReplica (state.change.logger)
[2019-04-19 15:21:14,858] TRACE [Controller id=0 epoch=13] Changed state of replica 0 for partition Prof_Dashboard-0 from OnlineReplica to OnlineReplica (state.change.logger)
[2019-04-19 15:21:14,858] TRACE [Controller id=0 epoch=13] Changed state of replica 0 for partition people-0 from OnlineReplica to OnlineReplica (state.change.logger)
[2019-04-19 15:21:14,858] TRACE [Controller id=0 epoch=13] Changed state of replica 0 for partition delete_student-0 from OnlineReplica to OnlineReplica (state.change.logger)
[2019-04-19 15:21:14,858] TRACE [Controller id=0 epoch=13] Changed state of replica 0 for partition prof_delete_subjec-0 from OnlineReplica to OnlineReplica (state.change.logger)
[2019-04-19 15:21:14,859] TRACE [Controller id=0 epoch=13] Changed state of replica 0 for partition all_assignments-0 from OnlineReplica to OnlineReplica (state.change.logger)
[2019-04-19 15:21:14,859] TRACE [Controller id=0 epoch=13] Changed state of replica 0 for partition enroll-0 from OnlineReplica to OnlineReplica (state.change.logger)
[2019-04-19 15:21:14,859] TRACE [Controller id=0 epoch=13] Changed state of replica 0 for partition response_topic-0 from OnlineReplica to OnlineReplica (state.change.logger)
[2019-04-19 15:21:14,860] TRACE [Controller id=0 epoch=13] Changed state of replica 0 for partition course_create-0 from OnlineReplica to OnlineReplica (state.change.logger)
[2019-04-19 15:21:14,860] TRACE [Controller id=0 epoch=13] Changed state of replica 0 for partition show_profile-0 from OnlineReplica to OnlineReplica (state.change.logger)
[2019-04-19 15:21:14,860] TRACE [Controller id=0 epoch=13] Changed state of replica 0 for partition Announcements-0 from OnlineReplica to OnlineReplica (state.change.logger)
[2019-04-19 15:21:14,860] TRACE [Controller id=0 epoch=13] Changed state of replica 0 for partition update_profile-0 from OnlineReplica to OnlineReplica (state.change.logger)
[2019-04-19 15:21:14,861] TRACE [Controller id=0 epoch=13] Changed state of replica 0 for partition all_subjects_dashboard-0 from OnlineReplica to OnlineReplica (state.change.logger)
[2019-04-19 15:21:14,861] TRACE [Controller id=0 epoch=13] Changed state of replica 0 for partition delete_subject-0 from OnlineReplica to OnlineReplica (state.change.logger)
[2019-04-19 15:21:14,861] TRACE [Controller id=0 epoch=13] Changed state of replica 0 for partition prof_delete_subject-0 from OnlineReplica to OnlineReplica (state.change.logger)
[2019-04-19 15:21:14,862] TRACE [Controller id=0 epoch=13] Changed state of replica 0 for partition announcements_show-0 from OnlineReplica to OnlineReplica (state.change.logger)
[2019-04-19 15:21:14,862] TRACE [Controller id=0 epoch=13] Changed state of replica 0 for partition course_available-0 from OnlineReplica to OnlineReplica (state.change.logger)
[2019-04-19 15:21:14,863] TRACE [Controller id=0 epoch=13] Sending become-leader LeaderAndIsr request PartitionState(controllerEpoch=1, leader=0, leaderEpoch=0, isr=0, zkVersion=0, replicas=0, isNew=false) to broker 0 for partition create_assignment-0 (state.change.logger)
[2019-04-19 15:21:14,863] TRACE [Controller id=0 epoch=13] Sending become-leader LeaderAndIsr request PartitionState(controllerEpoch=1, leader=0, leaderEpoch=0, isr=0, zkVersion=0, replicas=0, isNew=false) to broker 0 for partition enroll-0 (state.change.logger)
[2019-04-19 15:21:14,863] TRACE [Controller id=0 epoch=13] Sending become-leader LeaderAndIsr request PartitionState(controllerEpoch=1, leader=0, leaderEpoch=0, isr=0, zkVersion=0, replicas=0, isNew=false) to broker 0 for partition update_profile-0 (state.change.logger)
[2019-04-19 15:21:14,864] TRACE [Controller id=0 epoch=13] Sending become-leader LeaderAndIsr request PartitionState(controllerEpoch=1, leader=0, leaderEpoch=0, isr=0, zkVersion=0, replicas=0, isNew=false) to broker 0 for partition prof_delete_subject-0 (state.change.logger)
[2019-04-19 15:21:14,864] TRACE [Controller id=0 epoch=13] Sending become-leader LeaderAndIsr request PartitionState(controllerEpoch=1, leader=0, leaderEpoch=0, isr=0, zkVersion=0, replicas=0, isNew=false) to broker 0 for partition prof_delete_subjec-0 (state.change.logger)
[2019-04-19 15:21:14,864] TRACE [Controller id=0 epoch=13] Sending become-leader LeaderAndIsr request PartitionState(controllerEpoch=1, leader=0, leaderEpoch=0, isr=0, zkVersion=0, replicas=0, isNew=false) to broker 0 for partition people-0 (state.change.logger)
[2019-04-19 15:21:14,864] TRACE [Controller id=0 epoch=13] Sending become-leader LeaderAndIsr request PartitionState(controllerEpoch=1, leader=0, leaderEpoch=0, isr=0, zkVersion=0, replicas=0, isNew=false) to broker 0 for partition course_available-0 (state.change.logger)
[2019-04-19 15:21:14,864] TRACE [Controller id=0 epoch=13] Sending become-leader LeaderAndIsr request PartitionState(controllerEpoch=1, leader=0, leaderEpoch=0, isr=0, zkVersion=0, replicas=0, isNew=false) to broker 0 for partition delete_student-0 (state.change.logger)
[2019-04-19 15:21:14,864] TRACE [Controller id=0 epoch=13] Sending become-leader LeaderAndIsr request PartitionState(controllerEpoch=1, leader=0, leaderEpoch=0, isr=0, zkVersion=0, replicas=0, isNew=false) to broker 0 for partition course_create-0 (state.change.logger)
[2019-04-19 15:21:14,864] TRACE [Controller id=0 epoch=13] Sending become-leader LeaderAndIsr request PartitionState(controllerEpoch=1, leader=0, leaderEpoch=0, isr=0, zkVersion=0, replicas=0, isNew=false) to broker 0 for partition announcements_show-0 (state.change.logger)
[2019-04-19 15:21:14,864] TRACE [Controller id=0 epoch=13] Sending become-leader LeaderAndIsr request PartitionState(controllerEpoch=1, leader=0, leaderEpoch=0, isr=0, zkVersion=0, replicas=0, isNew=false) to broker 0 for partition Announcements-0 (state.change.logger)
[2019-04-19 15:21:14,864] TRACE [Controller id=0 epoch=13] Sending become-leader LeaderAndIsr request PartitionState(controllerEpoch=1, leader=0, leaderEpoch=0, isr=0, zkVersion=0, replicas=0, isNew=false) to broker 0 for partition login-0 (state.change.logger)
[2019-04-19 15:21:14,864] TRACE [Controller id=0 epoch=13] Sending become-leader LeaderAndIsr request PartitionState(controllerEpoch=1, leader=0, leaderEpoch=0, isr=0, zkVersion=0, replicas=0, isNew=false) to broker 0 for partition delete_subject-0 (state.change.logger)
[2019-04-19 15:21:14,864] TRACE [Controller id=0 epoch=13] Sending become-leader LeaderAndIsr request PartitionState(controllerEpoch=1, leader=0, leaderEpoch=0, isr=0, zkVersion=0, replicas=0, isNew=false) to broker 0 for partition all_assignments-0 (state.change.logger)
[2019-04-19 15:21:14,864] TRACE [Controller id=0 epoch=13] Sending become-leader LeaderAndIsr request PartitionState(controllerEpoch=1, leader=0, leaderEpoch=0, isr=0, zkVersion=0, replicas=0, isNew=false) to broker 0 for partition Prof_Dashboard-0 (state.change.logger)
[2019-04-19 15:21:14,865] TRACE [Controller id=0 epoch=13] Sending become-leader LeaderAndIsr request PartitionState(controllerEpoch=1, leader=0, leaderEpoch=0, isr=0, zkVersion=0, replicas=0, isNew=false) to broker 0 for partition response_topic-0 (state.change.logger)
[2019-04-19 15:21:14,865] TRACE [Controller id=0 epoch=13] Sending become-leader LeaderAndIsr request PartitionState(controllerEpoch=1, leader=0, leaderEpoch=0, isr=0, zkVersion=0, replicas=0, isNew=false) to broker 0 for partition all_subjects_dashboard-0 (state.change.logger)
[2019-04-19 15:21:14,865] TRACE [Controller id=0 epoch=13] Sending become-leader LeaderAndIsr request PartitionState(controllerEpoch=1, leader=0, leaderEpoch=0, isr=0, zkVersion=0, replicas=0, isNew=false) to broker 0 for partition show_profile-0 (state.change.logger)
[2019-04-19 15:21:14,865] TRACE [Controller id=0 epoch=13] Received response {error_code=0} for request UPDATE_METADATA with correlation id 0 sent to broker 10.250.25.64:9092 (id: 0 rack: null) (state.change.logger)
[2019-04-19 15:21:14,869] TRACE [Controller id=0 epoch=13] Sending UpdateMetadata request PartitionState(controllerEpoch=1, leader=0, leaderEpoch=0, isr=[0], zkVersion=0, replicas=[0], offlineReplicas=[]) to brokers Set(0) for partition create_assignment-0 (state.change.logger)
[2019-04-19 15:21:14,869] TRACE [Controller id=0 epoch=13] Sending UpdateMetadata request PartitionState(controllerEpoch=1, leader=0, leaderEpoch=0, isr=[0], zkVersion=0, replicas=[0], offlineReplicas=[]) to brokers Set(0) for partition enroll-0 (state.change.logger)
[2019-04-19 15:21:14,869] TRACE [Controller id=0 epoch=13] Sending UpdateMetadata request PartitionState(controllerEpoch=1, leader=0, leaderEpoch=0, isr=[0], zkVersion=0, replicas=[0], offlineReplicas=[]) to brokers Set(0) for partition update_profile-0 (state.change.logger)
[2019-04-19 15:21:14,869] TRACE [Controller id=0 epoch=13] Sending UpdateMetadata request PartitionState(controllerEpoch=1, leader=0, leaderEpoch=0, isr=[0], zkVersion=0, replicas=[0], offlineReplicas=[]) to brokers Set(0) for partition prof_delete_subject-0 (state.change.logger)
[2019-04-19 15:21:14,869] TRACE [Controller id=0 epoch=13] Sending UpdateMetadata request PartitionState(controllerEpoch=1, leader=0, leaderEpoch=0, isr=[0], zkVersion=0, replicas=[0], offlineReplicas=[]) to brokers Set(0) for partition prof_delete_subjec-0 (state.change.logger)
[2019-04-19 15:21:14,870] TRACE [Controller id=0 epoch=13] Sending UpdateMetadata request PartitionState(controllerEpoch=1, leader=0, leaderEpoch=0, isr=[0], zkVersion=0, replicas=[0], offlineReplicas=[]) to brokers Set(0) for partition people-0 (state.change.logger)
[2019-04-19 15:21:14,870] TRACE [Controller id=0 epoch=13] Sending UpdateMetadata request PartitionState(controllerEpoch=1, leader=0, leaderEpoch=0, isr=[0], zkVersion=0, replicas=[0], offlineReplicas=[]) to brokers Set(0) for partition course_available-0 (state.change.logger)
[2019-04-19 15:21:14,870] TRACE [Controller id=0 epoch=13] Sending UpdateMetadata request PartitionState(controllerEpoch=1, leader=0, leaderEpoch=0, isr=[0], zkVersion=0, replicas=[0], offlineReplicas=[]) to brokers Set(0) for partition delete_student-0 (state.change.logger)
[2019-04-19 15:21:14,870] TRACE [Controller id=0 epoch=13] Sending UpdateMetadata request PartitionState(controllerEpoch=1, leader=0, leaderEpoch=0, isr=[0], zkVersion=0, replicas=[0], offlineReplicas=[]) to brokers Set(0) for partition course_create-0 (state.change.logger)
[2019-04-19 15:21:14,870] TRACE [Controller id=0 epoch=13] Sending UpdateMetadata request PartitionState(controllerEpoch=1, leader=0, leaderEpoch=0, isr=[0], zkVersion=0, replicas=[0], offlineReplicas=[]) to brokers Set(0) for partition announcements_show-0 (state.change.logger)
[2019-04-19 15:21:14,870] TRACE [Controller id=0 epoch=13] Sending UpdateMetadata request PartitionState(controllerEpoch=1, leader=0, leaderEpoch=0, isr=[0], zkVersion=0, replicas=[0], offlineReplicas=[]) to brokers Set(0) for partition Announcements-0 (state.change.logger)
[2019-04-19 15:21:14,870] TRACE [Controller id=0 epoch=13] Sending UpdateMetadata request PartitionState(controllerEpoch=1, leader=0, leaderEpoch=0, isr=[0], zkVersion=0, replicas=[0], offlineReplicas=[]) to brokers Set(0) for partition login-0 (state.change.logger)
[2019-04-19 15:21:14,870] TRACE [Controller id=0 epoch=13] Sending UpdateMetadata request PartitionState(controllerEpoch=1, leader=0, leaderEpoch=0, isr=[0], zkVersion=0, replicas=[0], offlineReplicas=[]) to brokers Set(0) for partition delete_subject-0 (state.change.logger)
[2019-04-19 15:21:14,870] TRACE [Controller id=0 epoch=13] Sending UpdateMetadata request PartitionState(controllerEpoch=1, leader=0, leaderEpoch=0, isr=[0], zkVersion=0, replicas=[0], offlineReplicas=[]) to brokers Set(0) for partition all_assignments-0 (state.change.logger)
[2019-04-19 15:21:14,870] TRACE [Controller id=0 epoch=13] Sending UpdateMetadata request PartitionState(controllerEpoch=1, leader=0, leaderEpoch=0, isr=[0], zkVersion=0, replicas=[0], offlineReplicas=[]) to brokers Set(0) for partition Prof_Dashboard-0 (state.change.logger)
[2019-04-19 15:21:14,870] TRACE [Controller id=0 epoch=13] Sending UpdateMetadata request PartitionState(controllerEpoch=1, leader=0, leaderEpoch=0, isr=[0], zkVersion=0, replicas=[0], offlineReplicas=[]) to brokers Set(0) for partition response_topic-0 (state.change.logger)
[2019-04-19 15:21:14,871] TRACE [Controller id=0 epoch=13] Sending UpdateMetadata request PartitionState(controllerEpoch=1, leader=0, leaderEpoch=0, isr=[0], zkVersion=0, replicas=[0], offlineReplicas=[]) to brokers Set(0) for partition all_subjects_dashboard-0 (state.change.logger)
[2019-04-19 15:21:14,871] TRACE [Controller id=0 epoch=13] Sending UpdateMetadata request PartitionState(controllerEpoch=1, leader=0, leaderEpoch=0, isr=[0], zkVersion=0, replicas=[0], offlineReplicas=[]) to brokers Set(0) for partition show_profile-0 (state.change.logger)
[2019-04-19 15:21:14,874] TRACE [Broker id=0] Received LeaderAndIsr request PartitionState(controllerEpoch=1, leader=0, leaderEpoch=0, isr=0, zkVersion=0, replicas=0, isNew=false) correlation id 1 from controller 0 epoch 13 for partition announcements_show-0 (state.change.logger)
[2019-04-19 15:21:14,874] TRACE [Broker id=0] Received LeaderAndIsr request PartitionState(controllerEpoch=1, leader=0, leaderEpoch=0, isr=0, zkVersion=0, replicas=0, isNew=false) correlation id 1 from controller 0 epoch 13 for partition Prof_Dashboard-0 (state.change.logger)
[2019-04-19 15:21:14,874] TRACE [Broker id=0] Received LeaderAndIsr request PartitionState(controllerEpoch=1, leader=0, leaderEpoch=0, isr=0, zkVersion=0, replicas=0, isNew=false) correlation id 1 from controller 0 epoch 13 for partition all_assignments-0 (state.change.logger)
[2019-04-19 15:21:14,874] TRACE [Broker id=0] Received LeaderAndIsr request PartitionState(controllerEpoch=1, leader=0, leaderEpoch=0, isr=0, zkVersion=0, replicas=0, isNew=false) correlation id 1 from controller 0 epoch 13 for partition prof_delete_subjec-0 (state.change.logger)
[2019-04-19 15:21:14,874] TRACE [Broker id=0] Received LeaderAndIsr request PartitionState(controllerEpoch=1, leader=0, leaderEpoch=0, isr=0, zkVersion=0, replicas=0, isNew=false) correlation id 1 from controller 0 epoch 13 for partition prof_delete_subject-0 (state.change.logger)
[2019-04-19 15:21:14,874] TRACE [Broker id=0] Received LeaderAndIsr request PartitionState(controllerEpoch=1, leader=0, leaderEpoch=0, isr=0, zkVersion=0, replicas=0, isNew=false) correlation id 1 from controller 0 epoch 13 for partition course_available-0 (state.change.logger)
[2019-04-19 15:21:14,874] TRACE [Broker id=0] Received LeaderAndIsr request PartitionState(controllerEpoch=1, leader=0, leaderEpoch=0, isr=0, zkVersion=0, replicas=0, isNew=false) correlation id 1 from controller 0 epoch 13 for partition create_assignment-0 (state.change.logger)
[2019-04-19 15:21:14,874] TRACE [Broker id=0] Received LeaderAndIsr request PartitionState(controllerEpoch=1, leader=0, leaderEpoch=0, isr=0, zkVersion=0, replicas=0, isNew=false) correlation id 1 from controller 0 epoch 13 for partition login-0 (state.change.logger)
[2019-04-19 15:21:14,874] TRACE [Broker id=0] Received LeaderAndIsr request PartitionState(controllerEpoch=1, leader=0, leaderEpoch=0, isr=0, zkVersion=0, replicas=0, isNew=false) correlation id 1 from controller 0 epoch 13 for partition people-0 (state.change.logger)
[2019-04-19 15:21:14,875] TRACE [Broker id=0] Received LeaderAndIsr request PartitionState(controllerEpoch=1, leader=0, leaderEpoch=0, isr=0, zkVersion=0, replicas=0, isNew=false) correlation id 1 from controller 0 epoch 13 for partition response_topic-0 (state.change.logger)
[2019-04-19 15:21:14,875] TRACE [Broker id=0] Received LeaderAndIsr request PartitionState(controllerEpoch=1, leader=0, leaderEpoch=0, isr=0, zkVersion=0, replicas=0, isNew=false) correlation id 1 from controller 0 epoch 13 for partition show_profile-0 (state.change.logger)
[2019-04-19 15:21:14,875] TRACE [Broker id=0] Received LeaderAndIsr request PartitionState(controllerEpoch=1, leader=0, leaderEpoch=0, isr=0, zkVersion=0, replicas=0, isNew=false) correlation id 1 from controller 0 epoch 13 for partition update_profile-0 (state.change.logger)
[2019-04-19 15:21:14,875] TRACE [Broker id=0] Received LeaderAndIsr request PartitionState(controllerEpoch=1, leader=0, leaderEpoch=0, isr=0, zkVersion=0, replicas=0, isNew=false) correlation id 1 from controller 0 epoch 13 for partition course_create-0 (state.change.logger)
[2019-04-19 15:21:14,875] TRACE [Broker id=0] Received LeaderAndIsr request PartitionState(controllerEpoch=1, leader=0, leaderEpoch=0, isr=0, zkVersion=0, replicas=0, isNew=false) correlation id 1 from controller 0 epoch 13 for partition delete_subject-0 (state.change.logger)
[2019-04-19 15:21:14,875] TRACE [Broker id=0] Received LeaderAndIsr request PartitionState(controllerEpoch=1, leader=0, leaderEpoch=0, isr=0, zkVersion=0, replicas=0, isNew=false) correlation id 1 from controller 0 epoch 13 for partition all_subjects_dashboard-0 (state.change.logger)
[2019-04-19 15:21:14,875] TRACE [Broker id=0] Received LeaderAndIsr request PartitionState(controllerEpoch=1, leader=0, leaderEpoch=0, isr=0, zkVersion=0, replicas=0, isNew=false) correlation id 1 from controller 0 epoch 13 for partition enroll-0 (state.change.logger)
[2019-04-19 15:21:14,875] TRACE [Broker id=0] Received LeaderAndIsr request PartitionState(controllerEpoch=1, leader=0, leaderEpoch=0, isr=0, zkVersion=0, replicas=0, isNew=false) correlation id 1 from controller 0 epoch 13 for partition delete_student-0 (state.change.logger)
[2019-04-19 15:21:14,875] TRACE [Broker id=0] Received LeaderAndIsr request PartitionState(controllerEpoch=1, leader=0, leaderEpoch=0, isr=0, zkVersion=0, replicas=0, isNew=false) correlation id 1 from controller 0 epoch 13 for partition Announcements-0 (state.change.logger)
[2019-04-19 15:21:14,896] TRACE [Broker id=0] Handling LeaderAndIsr request correlationId 1 from controller 0 epoch 13 starting the become-leader transition for partition update_profile-0 (state.change.logger)
[2019-04-19 15:21:14,896] TRACE [Broker id=0] Handling LeaderAndIsr request correlationId 1 from controller 0 epoch 13 starting the become-leader transition for partition people-0 (state.change.logger)
[2019-04-19 15:21:14,896] TRACE [Broker id=0] Handling LeaderAndIsr request correlationId 1 from controller 0 epoch 13 starting the become-leader transition for partition prof_delete_subjec-0 (state.change.logger)
[2019-04-19 15:21:14,896] TRACE [Broker id=0] Handling LeaderAndIsr request correlationId 1 from controller 0 epoch 13 starting the become-leader transition for partition prof_delete_subject-0 (state.change.logger)
[2019-04-19 15:21:14,896] TRACE [Broker id=0] Handling LeaderAndIsr request correlationId 1 from controller 0 epoch 13 starting the become-leader transition for partition course_create-0 (state.change.logger)
[2019-04-19 15:21:14,896] TRACE [Broker id=0] Handling LeaderAndIsr request correlationId 1 from controller 0 epoch 13 starting the become-leader transition for partition course_available-0 (state.change.logger)
[2019-04-19 15:21:14,897] TRACE [Broker id=0] Handling LeaderAndIsr request correlationId 1 from controller 0 epoch 13 starting the become-leader transition for partition Announcements-0 (state.change.logger)
[2019-04-19 15:21:14,897] TRACE [Broker id=0] Handling LeaderAndIsr request correlationId 1 from controller 0 epoch 13 starting the become-leader transition for partition delete_student-0 (state.change.logger)
[2019-04-19 15:21:14,897] TRACE [Broker id=0] Handling LeaderAndIsr request correlationId 1 from controller 0 epoch 13 starting the become-leader transition for partition delete_subject-0 (state.change.logger)
[2019-04-19 15:21:14,897] TRACE [Broker id=0] Handling LeaderAndIsr request correlationId 1 from controller 0 epoch 13 starting the become-leader transition for partition announcements_show-0 (state.change.logger)
[2019-04-19 15:21:14,897] TRACE [Broker id=0] Handling LeaderAndIsr request correlationId 1 from controller 0 epoch 13 starting the become-leader transition for partition login-0 (state.change.logger)
[2019-04-19 15:21:14,897] TRACE [Broker id=0] Handling LeaderAndIsr request correlationId 1 from controller 0 epoch 13 starting the become-leader transition for partition all_assignments-0 (state.change.logger)
[2019-04-19 15:21:14,897] TRACE [Broker id=0] Handling LeaderAndIsr request correlationId 1 from controller 0 epoch 13 starting the become-leader transition for partition response_topic-0 (state.change.logger)
[2019-04-19 15:21:14,897] TRACE [Broker id=0] Handling LeaderAndIsr request correlationId 1 from controller 0 epoch 13 starting the become-leader transition for partition Prof_Dashboard-0 (state.change.logger)
[2019-04-19 15:21:14,897] TRACE [Broker id=0] Handling LeaderAndIsr request correlationId 1 from controller 0 epoch 13 starting the become-leader transition for partition show_profile-0 (state.change.logger)
[2019-04-19 15:21:14,897] TRACE [Broker id=0] Handling LeaderAndIsr request correlationId 1 from controller 0 epoch 13 starting the become-leader transition for partition all_subjects_dashboard-0 (state.change.logger)
[2019-04-19 15:21:14,897] TRACE [Broker id=0] Handling LeaderAndIsr request correlationId 1 from controller 0 epoch 13 starting the become-leader transition for partition create_assignment-0 (state.change.logger)
[2019-04-19 15:21:14,897] TRACE [Broker id=0] Handling LeaderAndIsr request correlationId 1 from controller 0 epoch 13 starting the become-leader transition for partition enroll-0 (state.change.logger)
[2019-04-19 15:21:14,935] TRACE [Broker id=0] Stopped fetchers as part of become-leader request from controller 0 epoch 13 with correlation id 1 for partition update_profile-0 (last update controller epoch 1) (state.change.logger)
[2019-04-19 15:21:14,940] TRACE [Broker id=0] Stopped fetchers as part of become-leader request from controller 0 epoch 13 with correlation id 1 for partition people-0 (last update controller epoch 1) (state.change.logger)
[2019-04-19 15:21:14,947] TRACE [Broker id=0] Stopped fetchers as part of become-leader request from controller 0 epoch 13 with correlation id 1 for partition prof_delete_subjec-0 (last update controller epoch 1) (state.change.logger)
[2019-04-19 15:21:14,951] TRACE [Broker id=0] Stopped fetchers as part of become-leader request from controller 0 epoch 13 with correlation id 1 for partition prof_delete_subject-0 (last update controller epoch 1) (state.change.logger)
[2019-04-19 15:21:14,957] TRACE [Broker id=0] Stopped fetchers as part of become-leader request from controller 0 epoch 13 with correlation id 1 for partition course_create-0 (last update controller epoch 1) (state.change.logger)
[2019-04-19 15:21:14,962] TRACE [Broker id=0] Stopped fetchers as part of become-leader request from controller 0 epoch 13 with correlation id 1 for partition course_available-0 (last update controller epoch 1) (state.change.logger)
[2019-04-19 15:21:14,967] TRACE [Broker id=0] Stopped fetchers as part of become-leader request from controller 0 epoch 13 with correlation id 1 for partition Announcements-0 (last update controller epoch 1) (state.change.logger)
[2019-04-19 15:21:14,973] TRACE [Broker id=0] Stopped fetchers as part of become-leader request from controller 0 epoch 13 with correlation id 1 for partition delete_student-0 (last update controller epoch 1) (state.change.logger)
[2019-04-19 15:21:14,978] TRACE [Broker id=0] Stopped fetchers as part of become-leader request from controller 0 epoch 13 with correlation id 1 for partition delete_subject-0 (last update controller epoch 1) (state.change.logger)
[2019-04-19 15:21:14,984] TRACE [Broker id=0] Stopped fetchers as part of become-leader request from controller 0 epoch 13 with correlation id 1 for partition announcements_show-0 (last update controller epoch 1) (state.change.logger)
[2019-04-19 15:21:14,989] TRACE [Broker id=0] Stopped fetchers as part of become-leader request from controller 0 epoch 13 with correlation id 1 for partition login-0 (last update controller epoch 1) (state.change.logger)
[2019-04-19 15:21:14,994] TRACE [Broker id=0] Stopped fetchers as part of become-leader request from controller 0 epoch 13 with correlation id 1 for partition all_assignments-0 (last update controller epoch 1) (state.change.logger)
[2019-04-19 15:21:14,998] TRACE [Broker id=0] Stopped fetchers as part of become-leader request from controller 0 epoch 13 with correlation id 1 for partition response_topic-0 (last update controller epoch 1) (state.change.logger)
[2019-04-19 15:21:15,004] TRACE [Broker id=0] Stopped fetchers as part of become-leader request from controller 0 epoch 13 with correlation id 1 for partition Prof_Dashboard-0 (last update controller epoch 1) (state.change.logger)
[2019-04-19 15:21:15,008] TRACE [Broker id=0] Stopped fetchers as part of become-leader request from controller 0 epoch 13 with correlation id 1 for partition show_profile-0 (last update controller epoch 1) (state.change.logger)
[2019-04-19 15:21:15,014] TRACE [Broker id=0] Stopped fetchers as part of become-leader request from controller 0 epoch 13 with correlation id 1 for partition all_subjects_dashboard-0 (last update controller epoch 1) (state.change.logger)
[2019-04-19 15:21:15,019] TRACE [Broker id=0] Stopped fetchers as part of become-leader request from controller 0 epoch 13 with correlation id 1 for partition create_assignment-0 (last update controller epoch 1) (state.change.logger)
[2019-04-19 15:21:15,023] TRACE [Broker id=0] Stopped fetchers as part of become-leader request from controller 0 epoch 13 with correlation id 1 for partition enroll-0 (last update controller epoch 1) (state.change.logger)
[2019-04-19 15:21:15,024] TRACE [Broker id=0] Completed LeaderAndIsr request correlationId 1 from controller 0 epoch 13 for the become-leader transition for partition update_profile-0 (state.change.logger)
[2019-04-19 15:21:15,024] TRACE [Broker id=0] Completed LeaderAndIsr request correlationId 1 from controller 0 epoch 13 for the become-leader transition for partition people-0 (state.change.logger)
[2019-04-19 15:21:15,025] TRACE [Broker id=0] Completed LeaderAndIsr request correlationId 1 from controller 0 epoch 13 for the become-leader transition for partition prof_delete_subjec-0 (state.change.logger)
[2019-04-19 15:21:15,025] TRACE [Broker id=0] Completed LeaderAndIsr request correlationId 1 from controller 0 epoch 13 for the become-leader transition for partition prof_delete_subject-0 (state.change.logger)
[2019-04-19 15:21:15,025] TRACE [Broker id=0] Completed LeaderAndIsr request correlationId 1 from controller 0 epoch 13 for the become-leader transition for partition course_create-0 (state.change.logger)
[2019-04-19 15:21:15,025] TRACE [Broker id=0] Completed LeaderAndIsr request correlationId 1 from controller 0 epoch 13 for the become-leader transition for partition course_available-0 (state.change.logger)
[2019-04-19 15:21:15,025] TRACE [Broker id=0] Completed LeaderAndIsr request correlationId 1 from controller 0 epoch 13 for the become-leader transition for partition Announcements-0 (state.change.logger)
[2019-04-19 15:21:15,025] TRACE [Broker id=0] Completed LeaderAndIsr request correlationId 1 from controller 0 epoch 13 for the become-leader transition for partition delete_student-0 (state.change.logger)
[2019-04-19 15:21:15,025] TRACE [Broker id=0] Completed LeaderAndIsr request correlationId 1 from controller 0 epoch 13 for the become-leader transition for partition delete_subject-0 (state.change.logger)
[2019-04-19 15:21:15,025] TRACE [Broker id=0] Completed LeaderAndIsr request correlationId 1 from controller 0 epoch 13 for the become-leader transition for partition announcements_show-0 (state.change.logger)
[2019-04-19 15:21:15,025] TRACE [Broker id=0] Completed LeaderAndIsr request correlationId 1 from controller 0 epoch 13 for the become-leader transition for partition login-0 (state.change.logger)
[2019-04-19 15:21:15,025] TRACE [Broker id=0] Completed LeaderAndIsr request correlationId 1 from controller 0 epoch 13 for the become-leader transition for partition all_assignments-0 (state.change.logger)
[2019-04-19 15:21:15,025] TRACE [Broker id=0] Completed LeaderAndIsr request correlationId 1 from controller 0 epoch 13 for the become-leader transition for partition response_topic-0 (state.change.logger)
[2019-04-19 15:21:15,025] TRACE [Broker id=0] Completed LeaderAndIsr request correlationId 1 from controller 0 epoch 13 for the become-leader transition for partition Prof_Dashboard-0 (state.change.logger)
[2019-04-19 15:21:15,025] TRACE [Broker id=0] Completed LeaderAndIsr request correlationId 1 from controller 0 epoch 13 for the become-leader transition for partition show_profile-0 (state.change.logger)
[2019-04-19 15:21:15,025] TRACE [Broker id=0] Completed LeaderAndIsr request correlationId 1 from controller 0 epoch 13 for the become-leader transition for partition all_subjects_dashboard-0 (state.change.logger)
[2019-04-19 15:21:15,025] TRACE [Broker id=0] Completed LeaderAndIsr request correlationId 1 from controller 0 epoch 13 for the become-leader transition for partition create_assignment-0 (state.change.logger)
[2019-04-19 15:21:15,025] TRACE [Broker id=0] Completed LeaderAndIsr request correlationId 1 from controller 0 epoch 13 for the become-leader transition for partition enroll-0 (state.change.logger)
[2019-04-19 15:21:15,043] TRACE [Controller id=0 epoch=13] Received response {error_code=0,partitions=[{topic=announcements_show,partition=0,error_code=0},{topic=Prof_Dashboard,partition=0,error_code=0},{topic=all_assignments,partition=0,error_code=0},{topic=prof_delete_subjec,partition=0,error_code=0},{topic=prof_delete_subject,partition=0,error_code=0},{topic=course_available,partition=0,error_code=0},{topic=create_assignment,partition=0,error_code=0},{topic=login,partition=0,error_code=0},{topic=people,partition=0,error_code=0},{topic=response_topic,partition=0,error_code=0},{topic=show_profile,partition=0,error_code=0},{topic=update_profile,partition=0,error_code=0},{topic=course_create,partition=0,error_code=0},{topic=delete_subject,partition=0,error_code=0},{topic=all_subjects_dashboard,partition=0,error_code=0},{topic=enroll,partition=0,error_code=0},{topic=delete_student,partition=0,error_code=0},{topic=Announcements,partition=0,error_code=0}]} for request LEADER_AND_ISR with correlation id 1 sent to broker 10.250.25.64:9092 (id: 0 rack: null) (state.change.logger)
[2019-04-19 15:21:15,048] TRACE [Broker id=0] Cached leader info PartitionState(controllerEpoch=1, leader=0, leaderEpoch=0, isr=[0], zkVersion=0, replicas=[0], offlineReplicas=[]) for partition announcements_show-0 in response to UpdateMetadata request sent by controller 0 epoch 13 with correlation id 2 (state.change.logger)
[2019-04-19 15:21:15,048] TRACE [Broker id=0] Cached leader info PartitionState(controllerEpoch=1, leader=0, leaderEpoch=0, isr=[0], zkVersion=0, replicas=[0], offlineReplicas=[]) for partition Prof_Dashboard-0 in response to UpdateMetadata request sent by controller 0 epoch 13 with correlation id 2 (state.change.logger)
[2019-04-19 15:21:15,048] TRACE [Broker id=0] Cached leader info PartitionState(controllerEpoch=1, leader=0, leaderEpoch=0, isr=[0], zkVersion=0, replicas=[0], offlineReplicas=[]) for partition all_assignments-0 in response to UpdateMetadata request sent by controller 0 epoch 13 with correlation id 2 (state.change.logger)
[2019-04-19 15:21:15,048] TRACE [Broker id=0] Cached leader info PartitionState(controllerEpoch=1, leader=0, leaderEpoch=0, isr=[0], zkVersion=0, replicas=[0], offlineReplicas=[]) for partition prof_delete_subjec-0 in response to UpdateMetadata request sent by controller 0 epoch 13 with correlation id 2 (state.change.logger)
[2019-04-19 15:21:15,048] TRACE [Broker id=0] Cached leader info PartitionState(controllerEpoch=1, leader=0, leaderEpoch=0, isr=[0], zkVersion=0, replicas=[0], offlineReplicas=[]) for partition prof_delete_subject-0 in response to UpdateMetadata request sent by controller 0 epoch 13 with correlation id 2 (state.change.logger)
[2019-04-19 15:21:15,049] TRACE [Broker id=0] Cached leader info PartitionState(controllerEpoch=1, leader=0, leaderEpoch=0, isr=[0], zkVersion=0, replicas=[0], offlineReplicas=[]) for partition course_available-0 in response to UpdateMetadata request sent by controller 0 epoch 13 with correlation id 2 (state.change.logger)
[2019-04-19 15:21:15,049] TRACE [Broker id=0] Cached leader info PartitionState(controllerEpoch=1, leader=0, leaderEpoch=0, isr=[0], zkVersion=0, replicas=[0], offlineReplicas=[]) for partition create_assignment-0 in response to UpdateMetadata request sent by controller 0 epoch 13 with correlation id 2 (state.change.logger)
[2019-04-19 15:21:15,049] TRACE [Broker id=0] Cached leader info PartitionState(controllerEpoch=1, leader=0, leaderEpoch=0, isr=[0], zkVersion=0, replicas=[0], offlineReplicas=[]) for partition login-0 in response to UpdateMetadata request sent by controller 0 epoch 13 with correlation id 2 (state.change.logger)
[2019-04-19 15:21:15,049] TRACE [Broker id=0] Cached leader info PartitionState(controllerEpoch=1, leader=0, leaderEpoch=0, isr=[0], zkVersion=0, replicas=[0], offlineReplicas=[]) for partition people-0 in response to UpdateMetadata request sent by controller 0 epoch 13 with correlation id 2 (state.change.logger)
[2019-04-19 15:21:15,049] TRACE [Broker id=0] Cached leader info PartitionState(controllerEpoch=1, leader=0, leaderEpoch=0, isr=[0], zkVersion=0, replicas=[0], offlineReplicas=[]) for partition response_topic-0 in response to UpdateMetadata request sent by controller 0 epoch 13 with correlation id 2 (state.change.logger)
[2019-04-19 15:21:15,049] TRACE [Broker id=0] Cached leader info PartitionState(controllerEpoch=1, leader=0, leaderEpoch=0, isr=[0], zkVersion=0, replicas=[0], offlineReplicas=[]) for partition show_profile-0 in response to UpdateMetadata request sent by controller 0 epoch 13 with correlation id 2 (state.change.logger)
[2019-04-19 15:21:15,049] TRACE [Broker id=0] Cached leader info PartitionState(controllerEpoch=1, leader=0, leaderEpoch=0, isr=[0], zkVersion=0, replicas=[0], offlineReplicas=[]) for partition update_profile-0 in response to UpdateMetadata request sent by controller 0 epoch 13 with correlation id 2 (state.change.logger)
[2019-04-19 15:21:15,049] TRACE [Broker id=0] Cached leader info PartitionState(controllerEpoch=1, leader=0, leaderEpoch=0, isr=[0], zkVersion=0, replicas=[0], offlineReplicas=[]) for partition course_create-0 in response to UpdateMetadata request sent by controller 0 epoch 13 with correlation id 2 (state.change.logger)
[2019-04-19 15:21:15,049] TRACE [Broker id=0] Cached leader info PartitionState(controllerEpoch=1, leader=0, leaderEpoch=0, isr=[0], zkVersion=0, replicas=[0], offlineReplicas=[]) for partition all_subjects_dashboard-0 in response to UpdateMetadata request sent by controller 0 epoch 13 with correlation id 2 (state.change.logger)
[2019-04-19 15:21:15,049] TRACE [Broker id=0] Cached leader info PartitionState(controllerEpoch=1, leader=0, leaderEpoch=0, isr=[0], zkVersion=0, replicas=[0], offlineReplicas=[]) for partition delete_subject-0 in response to UpdateMetadata request sent by controller 0 epoch 13 with correlation id 2 (state.change.logger)
[2019-04-19 15:21:15,049] TRACE [Broker id=0] Cached leader info PartitionState(controllerEpoch=1, leader=0, leaderEpoch=0, isr=[0], zkVersion=0, replicas=[0], offlineReplicas=[]) for partition enroll-0 in response to UpdateMetadata request sent by controller 0 epoch 13 with correlation id 2 (state.change.logger)
[2019-04-19 15:21:15,049] TRACE [Broker id=0] Cached leader info PartitionState(controllerEpoch=1, leader=0, leaderEpoch=0, isr=[0], zkVersion=0, replicas=[0], offlineReplicas=[]) for partition delete_student-0 in response to UpdateMetadata request sent by controller 0 epoch 13 with correlation id 2 (state.change.logger)
[2019-04-19 15:21:15,050] TRACE [Broker id=0] Cached leader info PartitionState(controllerEpoch=1, leader=0, leaderEpoch=0, isr=[0], zkVersion=0, replicas=[0], offlineReplicas=[]) for partition Announcements-0 in response to UpdateMetadata request sent by controller 0 epoch 13 with correlation id 2 (state.change.logger)
[2019-04-19 15:21:15,051] TRACE [Controller id=0 epoch=13] Received response {error_code=0} for request UPDATE_METADATA with correlation id 2 sent to broker 10.250.25.64:9092 (id: 0 rack: null) (state.change.logger)
